daydream/build/app/outputs/mapping/release/seeds.txt
com.example.daydream.MainActivity
com.example.daydream.MainActivity: MainActivity()
...
io.flutter.embedding.android.DrawableSplashScreen$DrawableSplashScreenView: void setSplashDrawable(android.graphics.drawable.Drawable)
io.flutter.view.AccessibilityViewEmbedder: java.lang.String TAG
io.flutter.plugin.editing.ImeSyncDeferringInsetsCallback: boolean needsSave
io.flutter.plugin.platform.SingleViewPresentation: io.flutter.plugin.platform.PlatformViewFactory viewFactory
io.flutter.embedding.engine.FlutterJNI: java.lang.String[] computePlatformResolvedLocale(java.lang.String[])
androidx.lifecycle.LiveData$LifecycleBoundObserver
io.flutter.plugin.platform.SingleViewPresentation: android.widget.FrameLayout container
androidx.lifecycle.FullLifecycleObserverAdapter
io.flutter.plugin.editing.ImeSyncDeferringInsetsCallback: void install()
io.flutter.embedding.engine.mutatorsstack.FlutterMutatorsStack: java.util.List mutators
io.flutter.embedding.android.TransparencyMode: io.flutter.embedding.android.TransparencyMode valueOf(java.lang.String)
androidx.lifecycle.SingleGeneratedAdapterObserver
io.flutter.embedding.engine.renderer.SurfaceTextureWrapper: void detachFromGLContext()
io.flutter.embedding.engine.FlutterJNI: boolean nativeFlutterTextUtilsIsRegionalIndicator(int)
androidx.lifecycle.ReflectiveGenericLifecycleObserver
androidx.lifecycle.Lifecycle$Event: androidx.lifecycle.Lifecycle$Event ON_CREATE
io.flutter.embedding.engine.systemchannels.PlatformChannel$Brightness: io.flutter.embedding.engine.systemchannels.PlatformChannel$Brightness valueOf(java.lang.String)
io.flutter.embedding.engine.FlutterJNI: void onRenderingStopped()
androidx.activity.ComponentActivity$2
io.flutter.embedding.android.FlutterSplashView$SavedState: FlutterSplashView$SavedState(android.os.Parcelable)
androidx.lifecycle.Lifecycle$Event: androidx.lifecycle.Lifecycle$Event ON_RESUME
io.flutter.embedding.engine.FlutterJNI: void nativeDispatchEmptyPlatformMessage(long,java.lang.String,int)
androidx.lifecycle.Lifecycle$Event: androidx.lifecycle.Lifecycle$Event ON_ANY
io.flutter.embedding.engine.renderer.SurfaceTextureWrapper: void getTransformMatrix(float[])
io.flutter.embedding.android.FlutterSplashView$SavedState: android.os.Bundle access$700(io.flutter.embedding.android.FlutterSplashView$SavedState)
androidx.lifecycle.Lifecycle$Event: androidx.lifecycle.Lifecycle$Event[] values()
io.flutter.embedding.engine.mutatorsstack.FlutterMutatorsStack
io.flutter.plugin.platform.SingleViewPresentation: io.flutter.plugin.platform.SingleViewPresentation$PresentationState detachState()
io.flutter.embedding.engine.FlutterJNI: void addIsDisplayingFlutterUiListener(io.flutter.embedding.engine.renderer.FlutterUiDisplayListener)
io.flutter.plugin.editing.ImeSyncDeferringInsetsCallback: boolean access$202(io.flutter.plugin.editing.ImeSyncDeferringInsetsCallback,boolean)
io.flutter.embedding.android.FlutterActivityLaunchConfigs$BackgroundMode: io.flutter.embedding.android.FlutterActivityLaunchConfigs$BackgroundMode valueOf(java.lang.String)
io.flutter.embedding.engine.FlutterJNI: android.graphics.Bitmap nativeGetBitmap(long)
io.flutter.embedding.engine.mutatorsstack.FlutterMutatorsStack$FlutterMutatorType: io.flutter.embedding.engine.mutatorsstack.FlutterMutatorsStack$FlutterMutatorType[] values()
io.flutter.embedding.engine.FlutterJNI: io.flutter.plugin.localization.LocalizationPlugin localizationPlugin
io.flutter.view.FlutterCallbackInformation
androidx.core.graphics.drawable.IconCompat: IconCompat()
io.flutter.embedding.engine.FlutterJNI: void nativeDispatchPointerDataPacket(long,java.nio.ByteBuffer,int)
io.flutter.view.AccessibilityViewEmbedder: io.flutter.view.AccessibilityViewEmbedder$ReflectionAccessors reflectionAccessors
io.flutter.embedding.engine.FlutterJNI: void unregisterTexture(long)
io.flutter.view.AccessibilityViewEmbedder: java.lang.Integer getRecordFlutterId(android.view.View,android.view.accessibility.AccessibilityRecord)
io.flutter.embedding.engine.FlutterJNI: void nativeSetSemanticsEnabled(long,boolean)